# JRE version: Java(TM) SE Runtime Environment (25.0+37) (build 25+37-LTS-3491)
# Java VM: Java HotSpot(TM) 64-Bit Server VM (25+37-LTS-3491, mixed mode, emulated-client, sharing, tiered, compressed oops, compressed class ptrs, g1 gc, windows-amd64)
GC Precious Log:
 CardTable entry size: 512
 Card Set container configuration: InlinePtr #cards 4 size 8 Array Of Cards #cards 16 size 48 Howl #buckets 8 coarsen threshold 3686 Howl Bitmap #cards 512 size 80 coarsen threshold 460 Card regions per heap region 1 cards per card region 4096
 CPUs: 16 total, 16 available
 Memory: 16061M
 Large Page Support: Disabled
 NUMA Support: Disabled
 Compressed Oops: Enabled (Zero based)
 Heap Region Size: 2M
 Heap Min Capacity: 8M
 Heap Initial Capacity: 252M
 Heap Max Capacity: 4016M
 Pre-touch: Disabled
 Parallel Workers: 13
 Concurrent Workers: 3
 Concurrent Refinement Workers: 13
 Periodic GC: Disabled
Heap:
 garbage-first heap   total reserved 4112384K, committed 135168K, used 123310K [0x0000000705000000, 0x0000000800000000)
  region size 2048K, 28 young (57344K), 2 survivors (4096K)
GC Heap Usage History (20 events):
Event: 6.285 {heap After GC invocations=17 (full 0):
 garbage-first heap   total reserved 4112384K, committed 104448K, used 44865K [0x0000000705000000, 0x0000000800000000)
  region size 2048K, 3 young (6144K), 3 survivors (6144K)
}
Event: 6.449 {heap Before GC invocations=17 (full 0):
 garbage-first heap   total reserved 4112384K, committed 104448K, used 91969K [0x0000000705000000, 0x0000000800000000)
  region size 2048K, 26 young (53248K), 3 survivors (6144K)
}
Event: 6.452 {heap After GC invocations=18 (full 0):
 garbage-first heap   total reserved 4112384K, committed 104448K, used 46740K [0x0000000705000000, 0x0000000800000000)
  region size 2048K, 2 young (4096K), 2 survivors (4096K)
}
Event: 6.524 {heap Before GC invocations=18 (full 0):
 garbage-first heap   total reserved 4112384K, committed 104448K, used 93844K [0x0000000705000000, 0x0000000800000000)
  region size 2048K, 25 young (51200K), 2 survivors (4096K)
}
Event: 6.528 {heap After GC invocations=19 (full 0):
 garbage-first heap   total reserved 4112384K, committed 126976K, used 49514K [0x0000000705000000, 0x0000000800000000)
  region size 2048K, 4 young (8192K), 4 survivors (8192K)
}
Event: 6.864 {heap Before GC invocations=20 (full 0):
 garbage-first heap   total reserved 4112384K, committed 126976K, used 110954K [0x0000000705000000, 0x0000000800000000)
  region size 2048K, 34 young (69632K), 4 survivors (8192K)
}
Event: 6.867 {heap After GC invocations=21 (full 0):
 garbage-first heap   total reserved 4112384K, committed 126976K, used 48403K [0x0000000705000000, 0x0000000800000000)
  region size 2048K, 2 young (4096K), 2 survivors (4096K)
}
Event: 7.513 {heap Before GC invocations=21 (full 0):
 garbage-first heap   total reserved 4112384K, committed 126976K, used 115987K [0x0000000705000000, 0x0000000800000000)
  region size 2048K, 35 young (71680K), 2 survivors (4096K)
}
Event: 7.518 {heap After GC invocations=22 (full 0):
 garbage-first heap   total reserved 4112384K, committed 129024K, used 54135K [0x0000000705000000, 0x0000000800000000)
  region size 2048K, 5 young (10240K), 5 survivors (10240K)
}
Event: 8.256 {heap Before GC invocations=22 (full 0):
 garbage-first heap   total reserved 4112384K, committed 129024K, used 115575K [0x0000000705000000, 0x0000000800000000)
  region size 2048K, 35 young (71680K), 5 survivors (10240K)
}
Event: 8.263 {heap After GC invocations=23 (full 0):
 garbage-first heap   total reserved 4112384K, committed 133120K, used 58763K [0x0000000705000000, 0x0000000800000000)
  region size 2048K, 3 young (6144K), 3 survivors (6144K)
}
Event: 8.880 {heap Before GC invocations=24 (full 0):
 garbage-first heap   total reserved 4112384K, committed 133120K, used 118155K [0x0000000705000000, 0x0000000800000000)
  region size 2048K, 32 young (65536K), 3 survivors (6144K)
}
Event: 8.887 {heap After GC invocations=25 (full 0):
 garbage-first heap   total reserved 4112384K, committed 133120K, used 62130K [0x0000000705000000, 0x0000000800000000)
  region size 2048K, 2 young (4096K), 2 survivors (4096K)
}
Event: 326.183 {heap Before GC invocations=25 (full 0):
 garbage-first heap   total reserved 4112384K, committed 133120K, used 117426K [0x0000000705000000, 0x0000000800000000)
  region size 2048K, 30 young (61440K), 2 survivors (4096K)
}
Event: 326.188 {heap After GC invocations=26 (full 0):
 garbage-first heap   total reserved 4112384K, committed 133120K, used 65417K [0x0000000705000000, 0x0000000800000000)
  region size 2048K, 4 young (8192K), 4 survivors (8192K)
}
Event: 342.961 {heap Before GC invocations=26 (full 0):
 garbage-first heap   total reserved 4112384K, committed 133120K, used 118665K [0x0000000705000000, 0x0000000800000000)
  region size 2048K, 31 young (63488K), 4 survivors (8192K)
}
Event: 342.967 {heap After GC invocations=27 (full 0):
 garbage-first heap   total reserved 4112384K, committed 135168K, used 68772K [0x0000000705000000, 0x0000000800000000)
  region size 2048K, 4 young (8192K), 4 survivors (8192K)
}
Event: 437.834 {heap Before GC invocations=28 (full 0):
 garbage-first heap   total reserved 4112384K, committed 135168K, used 119972K [0x0000000705000000, 0x0000000800000000)
  region size 2048K, 30 young (61440K), 4 survivors (8192K)
}
Event: 437.840 {heap After GC invocations=29 (full 0):
 garbage-first heap   total reserved 4112384K, committed 135168K, used 70062K [0x0000000705000000, 0x0000000800000000)
  region size 2048K, 3 young (6144K), 3 survivors (6144K)
}
Event: 459.975 {heap Before GC invocations=29 (full 0):
 garbage-first heap   total reserved 4112384K, committed 135168K, used 121262K [0x0000000705000000, 0x0000000800000000)
  region size 2048K, 29 young (59392K), 3 survivors (6144K)
}

